2025-10-05 00:06:00, MOVE, v:1, k:calculadora, mode:PICK
2025-10-05 00:06:05, EXEC, v:1, k:calculadora, mode:FULL, rate:100, size:60
2025-10-05 00:06:06, MOVE, v:1, k:calculadora, mode:BACK
2025-10-05 00:07:32, MOVE, v:1, k:animal, mode:PICK
2025-10-05 00:07:33, EXEC, v:1, k:animal, mode:FULL, rate:100, size:49
2025-10-05 00:07:34, MOVE, v:1, k:animal, mode:BACK
2025-10-05 00:07:35, MOVE, v:1, k:carro, mode:PICK
2025-10-05 00:07:39, EXEC, v:1, k:carro, mode:FULL, rate:100
2025-10-05 00:07:40, MOVE, v:1, k:carro, mode:BACK
2025-10-05 00:07:42, MOVE, v:1, k:calculadora, mode:PICK
2025-10-05 00:07:46, EXEC, v:1, k:calculadora, mode:FULL, rate:100
2025-10-05 00:07:48, MOVE, v:1, k:calculadora, mode:BACK
2025-10-05 00:07:49, MOVE, v:1, k:enxugar, mode:PICK
2025-10-05 00:07:53, EXEC, v:1, k:enxugar, mode:FULL, rate:100
2025-10-05 00:07:54, MOVE, v:1, k:enxugar, mode:BACK
2025-10-05 14:36:25, MOVE, v:1, k:animal, mode:PICK
2025-10-05 14:36:27, EXEC, v:1, k:animal, mode:FULL, rate:100
2025-10-05 14:36:27, MOVE, v:1, k:animal, mode:BACK
2025-10-05 14:36:29, MOVE, v:1, k:carro, mode:PICK
2025-10-05 14:36:32, EXEC, v:1, k:carro, mode:FULL, rate:100, size:70
2025-10-05 14:36:33, MOVE, v:1, k:carro, mode:BACK
2025-10-05 14:36:36, MOVE, v:1, k:calculadora, mode:PICK
2025-10-05 14:36:40, EXEC, v:1, k:calculadora, mode:FULL, rate:100
2025-10-05 14:36:40, MOVE, v:1, k:calculadora, mode:BACK
2025-10-05 14:36:42, MOVE, v:1, k:enxugar, mode:PICK
2025-10-05 14:36:45, EXEC, v:1, k:enxugar, mode:FULL, rate:100
2025-10-05 14:36:46, MOVE, v:1, k:enxugar, mode:BACK
