2025-09-16 19:36:58, MOVE, v:1, k:git_pratica, mode:DOWN
2025-09-16 19:37:03, MOVE, v:1, k:git_pratica, mode:PICK
2025-09-16 19:37:05, EXEC, v:1, k:git_pratica, mode:FULL, rate:0, size:0
2025-09-16 19:37:06, EXEC, v:1, k:git_pratica, mode:FULL, rate:0
2025-09-16 19:37:22, MOVE, v:1, k:git_pratica, mode:BACK
2025-09-16 19:37:44, MOVE, v:1, k:toalha, mode:DOWN
2025-09-16 19:37:48, MOVE, v:1, k:toalha, mode:PICK
2025-09-16 19:39:12, EXEC, v:1, k:toalha, mode:LOCK, rate:0, size:1
2025-09-16 19:39:13, EXEC, v:1, k:toalha, mode:LOCK, rate:0
2025-09-16 19:42:27, EXEC, v:1, k:toalha, mode:LOCK, rate:0
2025-09-16 19:42:28, MOVE, v:1, k:toalha, mode:BACK
2025-09-16 19:55:27, SELF, v:1, k:toalha
2025-09-16 20:03:09, MOVE, v:1, k:toalha, mode:PICK
2025-09-16 20:03:10, EXEC, v:1, k:toalha, mode:LOCK, rate:0, size:7
2025-09-16 20:08:07, EXEC, v:1, k:toalha, mode:LOCK, rate:0, size:8
2025-09-16 20:08:42, EXEC, v:1, k:toalha, mode:LOCK, rate:0, size:10
2025-09-16 20:16:55, EXEC, v:1, k:toalha, mode:LOCK, rate:0, size:11
2025-09-16 20:17:14, EXEC, v:1, k:toalha, mode:LOCK, rate:0, size:11
2025-09-16 20:22:38, EXEC, v:1, k:toalha, mode:LOCK, rate:0, size:14
2025-09-16 20:23:01, EXEC, v:1, k:toalha, mode:LOCK, rate:0, size:16
2025-09-16 20:23:58, EXEC, v:1, k:toalha, mode:LOCK, rate:0, size:19
2025-09-16 20:24:21, MOVE, v:1, k:toalha, mode:BACK
