2025-09-29 13:59:56, MOVE, v:1, k:calculadora, mode:DOWN
2025-09-29 15:43:37, MOVE, v:1, k:carro, mode:PICK
2025-09-29 15:43:41, EXEC, v:1, k:carro, mode:FULL, rate:0, size:0
2025-09-29 16:05:19, EXEC, v:1, k:carro, mode:FULL, rate:0, size:30
2025-09-29 16:06:36, EXEC, v:1, k:carro, mode:FULL, rate:0, size:32
2025-09-29 16:06:50, EXEC, v:1, k:carro, mode:FULL, rate:10, size:32
2025-09-29 16:15:17, EXEC, v:1, k:carro, mode:FULL, rate:10, size:38
2025-09-29 16:15:38, EXEC, v:1, k:carro, mode:FULL, rate:10, size:38
2025-09-29 16:15:48, EXEC, v:1, k:carro, mode:FULL, rate:10, size:38
2025-09-29 16:15:59, EXEC, v:1, k:carro, mode:FULL, rate:10, size:37
2025-09-29 16:16:38, EXEC, v:1, k:carro, mode:FULL, rate:10, size:38
2025-09-29 16:17:15, EXEC, v:1, k:carro, mode:FULL, rate:10, size:38
2025-09-29 16:17:40, EXEC, v:1, k:carro, mode:FULL, rate:10, size:38
2025-09-29 16:22:49, EXEC, v:1, k:carro, mode:FULL, rate:10, size:37
2025-09-29 16:23:22, EXEC, v:1, k:carro, mode:FULL, rate:20, size:37
2025-09-29 16:23:33, MOVE, v:1, k:carro, mode:BACK
2025-09-29 16:23:43, MOVE, v:1, k:carro, mode:PICK
2025-09-29 16:23:46, EXEC, v:1, k:carro, mode:FULL, rate:20
2025-09-29 16:24:06, EXEC, v:1, k:carro, mode:FULL, rate:30, size:37
2025-09-29 16:26:33, EXEC, v:1, k:carro, mode:FULL, rate:0, size:41
2025-09-29 16:27:01, EXEC, v:1, k:carro, mode:FULL, rate:30, size:42
2025-09-29 16:27:34, EXEC, v:1, k:carro, mode:FULL, rate:30, size:42
2025-09-29 16:28:32, EXEC, v:1, k:carro, mode:FULL, rate:30, size:44
2025-09-29 16:29:28, EXEC, v:1, k:carro, mode:FULL, rate:30, size:44
2025-09-29 16:34:41, EXEC, v:1, k:carro, mode:FULL, rate:30, size:48
2025-09-29 16:35:04, EXEC, v:1, k:carro, mode:FULL, rate:40, size:48
2025-09-29 16:35:46, EXEC, v:1, k:carro, mode:FULL, rate:40, size:49
2025-09-29 16:37:50, EXEC, v:1, k:carro, mode:FULL, rate:40, size:48
2025-09-29 16:38:19, EXEC, v:1, k:carro, mode:FULL, rate:40, size:49
2025-09-29 16:38:47, EXEC, v:1, k:carro, mode:FULL, rate:50, size:49
2025-09-29 16:39:53, EXEC, v:1, k:carro, mode:FULL, rate:50, size:49
2025-09-29 16:44:20, EXEC, v:1, k:carro, mode:FULL, rate:50, size:57
2025-09-29 16:44:51, EXEC, v:1, k:carro, mode:FULL, rate:50, size:58
2025-09-29 16:45:07, EXEC, v:1, k:carro, mode:FULL, rate:60, size:58
2025-09-29 16:47:09, EXEC, v:1, k:carro, mode:FULL, rate:50, size:58
2025-09-29 16:47:40, EXEC, v:1, k:carro, mode:FULL, rate:50, size:58
2025-09-29 16:52:11, EXEC, v:1, k:carro, mode:FULL, rate:50, size:68
2025-09-29 16:53:13, MOVE, v:1, k:carro, mode:PICK
2025-09-29 16:53:17, EXEC, v:1, k:carro, mode:FULL, rate:50, size:68
2025-09-29 16:53:19, MOVE, v:1, k:carro, mode:BACK
2025-09-29 16:53:30, MOVE, v:1, k:carro, mode:PICK
2025-09-29 16:53:34, EXEC, v:1, k:carro, mode:FULL, rate:50
2025-09-29 16:53:54, EXEC, v:1, k:carro, mode:FULL, rate:60, size:68
2025-09-29 16:57:13, MOVE, v:1, k:carro, mode:PICK
2025-09-29 16:57:26, MOVE, v:1, k:carro, mode:PICK
2025-09-29 16:57:29, EXEC, v:1, k:carro, mode:FULL, rate:60, size:61
2025-09-29 16:59:54, MOVE, v:1, k:carro, mode:PICK
2025-09-29 16:59:58, EXEC, v:1, k:carro, mode:FULL, rate:70, size:63
2025-09-29 17:02:38, EXEC, v:1, k:carro, mode:FULL, rate:70, size:64
2025-09-29 17:03:34, EXEC, v:1, k:carro, mode:FULL, rate:70, size:66
2025-09-29 17:05:50, EXEC, v:1, k:carro, mode:FULL, rate:70, size:66
2025-09-29 17:06:56, EXEC, v:1, k:carro, mode:FULL, rate:70, size:68
2025-09-29 17:07:30, EXEC, v:1, k:carro, mode:FULL, rate:80, size:68
2025-09-29 17:08:21, EXEC, v:1, k:carro, mode:FULL, rate:70, size:68
2025-09-29 17:08:37, EXEC, v:1, k:carro, mode:FULL, rate:70, size:67
2025-09-29 17:08:52, EXEC, v:1, k:carro, mode:FULL, rate:80, size:67
2025-09-29 17:14:02, MOVE, v:1, k:carro, mode:PICK
2025-09-29 17:14:06, EXEC, v:1, k:carro, mode:FULL, rate:70, size:72
2025-09-29 17:14:26, EXEC, v:1, k:carro, mode:FULL, rate:80, size:69
2025-09-29 17:16:19, EXEC, v:1, k:carro, mode:FULL, rate:80, size:70
2025-09-29 17:22:02, EXEC, v:1, k:carro, mode:FULL, rate:80, size:74
2025-09-29 17:27:23, EXEC, v:1, k:carro, mode:FULL, rate:80, size:75
