2025-09-22 15:24:46, MOVE, v:1, k:toalha, mode:PICK
2025-09-22 15:24:47, EXEC, v:1, k:toalha, mode:LOCK, rate:0, size:19
2025-09-22 15:24:53, MOVE, v:1, k:toalha, mode:BACK
2025-09-22 15:39:06, MOVE, v:1, k:toalha, mode:PICK
2025-09-22 15:39:08, EXEC, v:1, k:toalha, mode:LOCK, rate:0, size:19
2025-09-22 15:41:58, EXEC, v:1, k:toalha, mode:LOCK, rate:0, size:25
2025-09-22 15:44:38, EXEC, v:1, k:toalha, mode:LOCK, rate:0, size:34
2025-09-22 15:52:10, EXEC, v:1, k:toalha, mode:LOCK, rate:0, size:39
2025-09-22 15:53:17, EXEC, v:1, k:toalha, mode:LOCK, rate:0, size:39
2025-09-22 15:53:26, EXEC, v:1, k:toalha, mode:LOCK, rate:0, size:39
2025-09-22 15:53:50, EXEC, v:1, k:toalha, mode:LOCK, rate:0, size:39
2025-09-22 15:54:48, EXEC, v:1, k:toalha, mode:LOCK, rate:0, size:39
2025-09-22 15:56:07, EXEC, v:1, k:toalha, mode:LOCK, rate:0, size:39
2025-09-22 15:58:32, EXEC, v:1, k:toalha, mode:LOCK, rate:0, size:39
2025-09-22 15:58:49, EXEC, v:1, k:toalha, mode:LOCK, rate:0, size:39
2025-09-22 15:59:34, EXEC, v:1, k:toalha, mode:LOCK, rate:0, size:37
2025-09-22 15:59:53, EXEC, v:1, k:toalha, mode:LOCK, rate:0, size:33
2025-09-22 16:00:20, EXEC, v:1, k:toalha, mode:LOCK, rate:0, size:35
2025-09-22 16:00:45, EXEC, v:1, k:toalha, mode:LOCK, rate:0, size:36
2025-09-22 16:01:05, EXEC, v:1, k:toalha, mode:LOCK, rate:0, size:38
2025-09-22 16:01:21, EXEC, v:1, k:toalha, mode:LOCK, rate:0, size:36
2025-09-22 16:01:32, EXEC, v:1, k:toalha, mode:LOCK, rate:0, size:37
2025-09-22 16:01:54, EXEC, v:1, k:toalha, mode:LOCK, rate:0, size:39
2025-09-22 16:38:40, EXEC, v:1, k:toalha, mode:LOCK, rate:0, size:34
2025-09-22 16:38:46, EXEC, v:1, k:toalha, mode:FREE
2025-09-22 23:14:16, MOVE, v:1, k:enxugar, mode:DOWN
2025-09-22 23:14:17, MOVE, v:1, k:enxugar, mode:PICK
2025-09-22 23:14:21, EXEC, v:1, k:enxugar, mode:FULL, rate:0, size:0
2025-09-22 23:15:13, EXEC, v:1, k:enxugar, mode:FULL, rate:0
2025-09-22 23:15:49, EXEC, v:1, k:enxugar, mode:FULL, rate:0
2025-09-22 23:16:26, EXEC, v:1, k:enxugar, mode:FULL, rate:0
2025-09-22 23:17:49, EXEC, v:1, k:enxugar, mode:FULL, rate:0
2025-09-22 23:18:02, EXEC, v:1, k:enxugar, mode:FULL, rate:0
2025-09-22 23:18:33, EXEC, v:1, k:enxugar, mode:FULL, rate:0
2025-09-22 23:20:38, EXEC, v:1, k:enxugar, mode:FULL, rate:0
2025-09-22 23:22:00, EXEC, v:1, k:enxugar, mode:FULL, rate:0, size:50
2025-09-22 23:24:08, EXEC, v:1, k:enxugar, mode:FULL, rate:0, size:50
2025-09-22 23:24:30, EXEC, v:1, k:enxugar, mode:FULL, rate:0, size:51
2025-09-22 23:24:54, EXEC, v:1, k:enxugar, mode:FULL, rate:0, size:51
2025-09-22 23:25:09, EXEC, v:1, k:enxugar, mode:FULL, rate:0, size:51
2025-09-22 23:27:30, EXEC, v:1, k:enxugar, mode:FULL, rate:0, size:50
2025-09-22 23:27:47, EXEC, v:1, k:enxugar, mode:FULL, rate:0, size:51
2025-09-22 23:27:56, EXEC, v:1, k:enxugar, mode:FULL, rate:0, size:51
2025-09-22 23:28:06, EXEC, v:1, k:enxugar, mode:FULL, rate:0, size:51
2025-09-22 23:28:19, EXEC, v:1, k:enxugar, mode:FULL, rate:10, size:51
